Arguments: 
  /opt/homebrew/Cellar/node@16/16.20.1_1/bin/node /opt/homebrew/Cellar/yarn/1.22.19/libexec/bin/yarn.js add openapi-generator-cli

PATH: 
  /Users/quentinleguennec/bld/google-cloud-sdk/bin:/Users/quentinleguennec/.local/bin:/Users/quentinleguennec/.babashka/bbin/bin:/Users/quentinleguennec/wp/yabai/bin:/Users/quentinleguennec/.cargo/bin:/Users/quentinleguennec/.pyenv/shims:/opt/homebrew/opt/node@16/bin:/opt/homebrew/opt/openjdk/bin:/opt/homebrew/bin:/usr/local/bin:/System/Cryptexes/App/usr/bin:/usr/bin:/bin:/usr/sbin:/sbin:/Library/Apple/usr/bin:/usr/local/share/dotnet:~/.dotnet/tools:/Library/Frameworks/Mono.framework/Versions/Current/Commands

Yarn version: 
  1.22.19

Node version: 
  16.20.1

Platform: 
  darwin arm64

Trace: 
  Error: https://registry.yarnpkg.com/openapi-generator-cli: Not found
      at Request.params.callback [as _callback] (/opt/homebrew/Cellar/yarn/1.22.19/libexec/lib/cli.js:66145:18)
      at Request.self.callback (/opt/homebrew/Cellar/yarn/1.22.19/libexec/lib/cli.js:140890:22)
      at Request.emit (node:events:513:28)
      at Request.<anonymous> (/opt/homebrew/Cellar/yarn/1.22.19/libexec/lib/cli.js:141862:10)
      at Request.emit (node:events:513:28)
      at IncomingMessage.<anonymous> (/opt/homebrew/Cellar/yarn/1.22.19/libexec/lib/cli.js:141784:12)
      at Object.onceWrapper (node:events:627:28)
      at IncomingMessage.emit (node:events:525:35)
      at endReadableNT (node:internal/streams/readable:1358:12)
      at processTicksAndRejections (node:internal/process/task_queues:83:21)

npm manifest: 
  {
    "name": "openapi-unity-config",
    "version": "1.0.0",
    "main": "index.js",
    "license": "MIT",
    "dependencies": {},
    "scripts": {
      "build": "openapi-generator generate -i openapi.json -g csharp-netcore -o out -c config.yaml"
    }
  }

yarn manifest: 
  No manifest

Lockfile: 
  # THIS IS AN AUTOGENERATED FILE. DO NOT EDIT THIS FILE DIRECTLY.
  # yarn lockfile v1
